<?xml version="1.0" encoding="UTF-8"?>
<!-- Generated by org.testng.reporters.JUnitXMLReporter -->
<testsuite ignored="7" hostname="LAPTOP-E3P6GM11" failures="0" tests="2" name="Test" time="0.481" errors="0" timestamp="2022-03-10T21:31:49 IST">
  <testcase classname="com.crm.vtiger.Basetest" name="@BeforeClass launch_browser" time="0.388">
    <failure type="java.lang.NoSuchMethodError" message="&amp;apos;com.google.common.collect.ImmutableMap com.google.common.collect.ImmutableMap.of(java.lang.Object, java.lang.Object, java.lang.Object, java.lang.Object, java.lang.Object, java.lang.Object, java.lang.Object, java.lang.Object, java.lang.Object, java.lang.Object, java.lang.Object, java.lang.Object)&amp;apos;">
      <![CDATA[java.lang.NoSuchMethodError: 'com.google.common.collect.ImmutableMap com.google.common.collect.ImmutableMap.of(java.lang.Object, java.lang.Object, java.lang.Object, java.lang.Object, java.lang.Object, java.lang.Object, java.lang.Object, java.lang.Object, java.lang.Object, java.lang.Object, java.lang.Object, java.lang.Object)'
at org.openqa.selenium.chrome.AddHasCasting.getAdditionalCommands(AddHasCasting.java:38)
at org.openqa.selenium.chrome.ChromeDriver$ChromeDriverCommandExecutor.getExtraCommands(ChromeDriver.java:123)
at org.openqa.selenium.chrome.ChromeDriver$ChromeDriverCommandExecutor.<init>(ChromeDriver.java:118)
at org.openqa.selenium.chrome.ChromeDriver.<init>(ChromeDriver.java:106)
at org.openqa.selenium.chrome.ChromeDriver.<init>(ChromeDriver.java:93)
at org.openqa.selenium.chrome.ChromeDriver.<init>(ChromeDriver.java:48)
at com.crm.vtiger.Basetest.launch_browser(Basetest.java:50)
at java.base/java.util.ArrayList.forEach(ArrayList.java:1511)
... Removed 25 stack frames]]>
    </failure>
  </testcase> <!-- @BeforeClass launch_browser -->
  <testcase classname="com.crm.vtiger.Basetest" name="@BeforeMethod loginapp" time="0.0">
    <skipped/>
  </testcase> <!-- @BeforeMethod loginapp -->
  <testcase classname="com.crm.vtiger.Basetest" name="@AfterMethod logoutapp" time="0.0">
    <skipped/>
  </testcase> <!-- @AfterMethod logoutapp -->
  <testcase classname="com.crm.vtiger.Basetest" name="@AfterClass teardown" time="0.0">
    <skipped/>
  </testcase> <!-- @AfterClass teardown -->
  <testcase classname="com.crm.vtiger.Basetest" name="@BeforeClass launch_browser" time="0.023">
    <failure type="java.lang.NoSuchMethodError" message="&amp;apos;com.google.common.collect.ImmutableMap com.google.common.collect.ImmutableMap.of(java.lang.Object, java.lang.Object, java.lang.Object, java.lang.Object, java.lang.Object, java.lang.Object, java.lang.Object, java.lang.Object, java.lang.Object, java.lang.Object, java.lang.Object, java.lang.Object)&amp;apos;">
      <![CDATA[java.lang.NoSuchMethodError: 'com.google.common.collect.ImmutableMap com.google.common.collect.ImmutableMap.of(java.lang.Object, java.lang.Object, java.lang.Object, java.lang.Object, java.lang.Object, java.lang.Object, java.lang.Object, java.lang.Object, java.lang.Object, java.lang.Object, java.lang.Object, java.lang.Object)'
at org.openqa.selenium.chrome.AddHasCasting.getAdditionalCommands(AddHasCasting.java:38)
at org.openqa.selenium.chrome.ChromeDriver$ChromeDriverCommandExecutor.getExtraCommands(ChromeDriver.java:123)
at org.openqa.selenium.chrome.ChromeDriver$ChromeDriverCommandExecutor.<init>(ChromeDriver.java:118)
at org.openqa.selenium.chrome.ChromeDriver.<init>(ChromeDriver.java:106)
at org.openqa.selenium.chrome.ChromeDriver.<init>(ChromeDriver.java:93)
at org.openqa.selenium.chrome.ChromeDriver.<init>(ChromeDriver.java:48)
at com.crm.vtiger.Basetest.launch_browser(Basetest.java:50)
at java.base/java.util.ArrayList.forEach(ArrayList.java:1511)
... Removed 25 stack frames]]>
    </failure>
  </testcase> <!-- @BeforeClass launch_browser -->
  <testcase classname="com.crm.vtiger.Basetest" name="@BeforeMethod loginapp" time="0.0">
    <skipped/>
  </testcase> <!-- @BeforeMethod loginapp -->
  <testcase classname="com.crm.vtiger.Basetest" name="@AfterMethod logoutapp" time="0.0">
    <skipped/>
  </testcase> <!-- @AfterMethod logoutapp -->
  <testcase classname="com.crm.vtiger.Basetest" name="@AfterClass teardown" time="0.0">
    <skipped/>
  </testcase> <!-- @AfterClass teardown -->
  <testcase classname="com.crm_Vtiger.TC003_Createcontact" name="createwithoutdata_contact_test" time="0.0">
    <skipped/>
  </testcase> <!-- createwithoutdata_contact_test -->
  <testcase classname="com.crm_Vtiger.TC001_Createorganisation" name="create_org_test" time="0.0">
    <skipped/>
  </testcase> <!-- create_org_test -->
  <testcase classname="com.crm.vtiger.Basetest" name="@BeforeTest beforetest" time="0.0">
    <ignored/>
  </testcase> <!-- @BeforeTest beforetest -->
  <testcase classname="com.crm.vtiger.Basetest" name="@BeforeTest beforetest" time="0.0">
    <ignored/>
  </testcase> <!-- @BeforeTest beforetest -->
  <testcase classname="com.crm_Vtiger.TC001_Createorganisation" name="createorg_withoutdata_test" time="0.0">
    <ignored/>
  </testcase> <!-- createorg_withoutdata_test -->
  <testcase classname="com.crm.vtiger.Basetest" name="@BeforeSuite makeConnections" time="0.0">
    <ignored/>
  </testcase> <!-- @BeforeSuite makeConnections -->
  <testcase classname="com.crm.vtiger.Basetest" name="@BeforeSuite makeConnections" time="0.0">
    <ignored/>
  </testcase> <!-- @BeforeSuite makeConnections -->
  <testcase classname="com.crm_Vtiger.TC003_Createcontact" name="contactcreation" time="0.0">
    <ignored/>
  </testcase> <!-- contactcreation -->
  <testcase classname="com.crm_Vtiger.TC002_createcustomerDD" name="createcustomer" time="0.0">
    <ignored/>
  </testcase> <!-- createcustomer -->
</testsuite> <!-- Test -->
